INFO:sim:172 - Generating IP...
Applying current project options...
Finished applying current project options.
WARNING:sim - A core named 'DCM_MQP' already exists in the project. Output
   products for this core may be overwritten.
Resolving generics for 'DCM_MQP'...
WARNING:sim - A core named 'DCM_MQP' already exists in the project. Output
   products for this core may be overwritten.
Applying external generics to 'DCM_MQP'...
Delivering associated files for 'DCM_MQP'...
WARNING:sim - Component clk_wiz_v3_6 does not have a valid model name for
   Verilog synthesis
Delivering EJava files for 'DCM_MQP'...
Delivered 3 files into directory R:/MQP/MQP_slx16/ipcore_dir/tmp/_cg/DCM_MQP
Delivered 1 file into directory R:/MQP/MQP_slx16/ipcore_dir/tmp/_cg/DCM_MQP
Generating ASY schematic symbol...
Loading device for application Rf_Device from file '6slx16.nph' in environment
C:\Xilinx\14.7\ISE_DS\ISE\.
INFO:sim:949 - Finished generation of ASY schematic symbol.
Generating SYM schematic symbol for 'DCM_MQP'...
Generating ISE project...
XCO file found: DCM_MQP.xco
XMDF file found: DCM_MQP_xmdf.tcl
Adding R:/MQP/MQP_slx16/ipcore_dir/tmp/_cg/DCM_MQP.asy -view all -origin_type
imported
Adding R:/MQP/MQP_slx16/ipcore_dir/tmp/_cg/DCM_MQP.ucf -view all -origin_type
created
Adding R:/MQP/MQP_slx16/ipcore_dir/tmp/_cg/DCM_MQP.v -view all -origin_type
created
INFO:HDLCompiler:1845 - Analyzing Verilog file
   "R:/MQP/MQP_slx16/ipcore_dir/tmp/_cg/DCM_MQP.v" into library work
INFO:ProjectMgmt - Parsing design hierarchy completed successfully.
Adding R:/MQP/MQP_slx16/ipcore_dir/tmp/_cg/DCM_MQP.veo -view all -origin_type
imported
INFO:TclTasksC:2116 - The automatic calculation of top has been turned-off.
   Please set the new top explicitly by running the "project set top" command.
   To re-calculate the new top automatically, set the "Auto Implementation Top"
   property to true.
Top level has been set to "/DCM_MQP"
Generating README file...
Generating FLIST file...
INFO:sim:948 - Finished FLIST file generation.
Launching README viewer...
Moving files to output directory...
Finished moving files to output directory
Wrote CGP file for project 'DCM_MQP'.
